{"/workspace/the-flying-scotsmen/static/script/script.js": {"path":"/workspace/the-flying-scotsmen/static/script/script.js","statementMap":{"0":{"start":{"line":3,"column":2},"end":{"line":9,"column":11}},"1":{"start":{"line":4,"column":19},"end":{"line":4,"column":49}},"2":{"start":{"line":5,"column":16},"end":{"line":5,"column":45}},"3":{"start":{"line":6,"column":4},"end":{"line":8,"column":5}},"4":{"start":{"line":7,"column":6},"end":{"line":7,"column":40}},"5":{"start":{"line":13,"column":0},"end":{"line":16,"column":1}},"6":{"start":{"line":14,"column":2},"end":{"line":14,"column":50}},"7":{"start":{"line":15,"column":2},"end":{"line":15,"column":51}},"8":{"start":{"line":20,"column":16},"end":{"line":20,"column":50}},"9":{"start":{"line":21,"column":17},"end":{"line":21,"column":47}},"10":{"start":{"line":23,"column":2},"end":{"line":33,"column":5}},"11":{"start":{"line":25,"column":4},"end":{"line":25,"column":37}},"12":{"start":{"line":26,"column":4},"end":{"line":32,"column":5}},"13":{"start":{"line":28,"column":6},"end":{"line":28,"column":18}},"14":{"start":{"line":31,"column":6},"end":{"line":31,"column":18}},"15":{"start":{"line":41,"column":24},"end":{"line":41,"column":71}},"16":{"start":{"line":42,"column":24},"end":{"line":42,"column":67}},"17":{"start":{"line":44,"column":2},"end":{"line":65,"column":3}},"18":{"start":{"line":45,"column":4},"end":{"line":64,"column":6}},"19":{"start":{"line":46,"column":6},"end":{"line":63,"column":9}},"20":{"start":{"line":48,"column":27},"end":{"line":48,"column":54}},"21":{"start":{"line":49,"column":21},"end":{"line":49,"column":52}},"22":{"start":{"line":50,"column":8},"end":{"line":62,"column":9}},"23":{"start":{"line":51,"column":10},"end":{"line":51,"column":42}},"24":{"start":{"line":52,"column":10},"end":{"line":55,"column":11}},"25":{"start":{"line":57,"column":10},"end":{"line":57,"column":42}},"26":{"start":{"line":58,"column":10},"end":{"line":61,"column":11}},"27":{"start":{"line":70,"column":16},"end":{"line":70,"column":50}},"28":{"start":{"line":71,"column":2},"end":{"line":71,"column":17}},"29":{"start":{"line":72,"column":2},"end":{"line":72,"column":26}},"30":{"start":{"line":73,"column":2},"end":{"line":73,"column":32}},"31":{"start":{"line":74,"column":2},"end":{"line":74,"column":38}},"32":{"start":{"line":75,"column":2},"end":{"line":75,"column":12}},"33":{"start":{"line":78,"column":4},"end":{"line":83,"column":6}},"34":{"start":{"line":79,"column":18},"end":{"line":79,"column":43}},"35":{"start":{"line":80,"column":6},"end":{"line":82,"column":7}},"36":{"start":{"line":81,"column":8},"end":{"line":81,"column":40}},"37":{"start":{"line":89,"column":16},"end":{"line":89,"column":50}},"38":{"start":{"line":91,"column":16},"end":{"line":91,"column":50}},"39":{"start":{"line":92,"column":21},"end":{"line":92,"column":64}},"40":{"start":{"line":93,"column":23},"end":{"line":93,"column":63}},"41":{"start":{"line":95,"column":2},"end":{"line":115,"column":5}},"42":{"start":{"line":96,"column":4},"end":{"line":114,"column":7}},"43":{"start":{"line":97,"column":18},"end":{"line":97,"column":43}},"44":{"start":{"line":98,"column":21},"end":{"line":98,"column":67}},"45":{"start":{"line":100,"column":6},"end":{"line":113,"column":7}},"46":{"start":{"line":101,"column":8},"end":{"line":101,"column":54}},"47":{"start":{"line":102,"column":8},"end":{"line":102,"column":52}},"48":{"start":{"line":104,"column":8},"end":{"line":104,"column":52}},"49":{"start":{"line":105,"column":8},"end":{"line":105,"column":54}},"50":{"start":{"line":106,"column":8},"end":{"line":112,"column":9}},"51":{"start":{"line":106,"column":21},"end":{"line":106,"column":22}},"52":{"start":{"line":107,"column":10},"end":{"line":107,"column":55}},"53":{"start":{"line":108,"column":10},"end":{"line":111,"column":13}},"54":{"start":{"line":109,"column":12},"end":{"line":109,"column":57}},"55":{"start":{"line":119,"column":2},"end":{"line":119,"column":15}},"56":{"start":{"line":120,"column":2},"end":{"line":120,"column":9}},"57":{"start":{"line":121,"column":2},"end":{"line":121,"column":24}},"58":{"start":{"line":126,"column":2},"end":{"line":132,"column":5}},"59":{"start":{"line":136,"column":15},"end":{"line":136,"column":43}},"60":{"start":{"line":137,"column":18},"end":{"line":205,"column":3}},"61":{"start":{"line":207,"column":16},"end":{"line":212,"column":4}},"62":{"start":{"line":208,"column":4},"end":{"line":211,"column":7}},"63":{"start":{"line":213,"column":22},"end":{"line":215,"column":4}},"64":{"start":{"line":220,"column":18},"end":{"line":220,"column":52}},"65":{"start":{"line":221,"column":13},"end":{"line":223,"column":4}},"66":{"start":{"line":230,"column":18},"end":{"line":230,"column":57}},"67":{"start":{"line":231,"column":18},"end":{"line":231,"column":57}},"68":{"start":{"line":233,"column":2},"end":{"line":243,"column":5}},"69":{"start":{"line":234,"column":4},"end":{"line":242,"column":5}},"70":{"start":{"line":235,"column":6},"end":{"line":235,"column":40}},"71":{"start":{"line":236,"column":6},"end":{"line":236,"column":40}},"72":{"start":{"line":237,"column":6},"end":{"line":237,"column":18}},"73":{"start":{"line":239,"column":6},"end":{"line":239,"column":43}},"74":{"start":{"line":240,"column":6},"end":{"line":240,"column":43}},"75":{"start":{"line":241,"column":6},"end":{"line":241,"column":19}},"76":{"start":{"line":248,"column":15},"end":{"line":248,"column":57}},"77":{"start":{"line":249,"column":17},"end":{"line":249,"column":54}},"78":{"start":{"line":250,"column":14},"end":{"line":250,"column":47}},"79":{"start":{"line":251,"column":20},"end":{"line":251,"column":63}},"80":{"start":{"line":252,"column":24},"end":{"line":252,"column":68}},"81":{"start":{"line":255,"column":2},"end":{"line":255,"column":10}},"82":{"start":{"line":256,"column":2},"end":{"line":256,"column":11}},"83":{"start":{"line":257,"column":2},"end":{"line":272,"column":3}},"84":{"start":{"line":258,"column":4},"end":{"line":258,"column":20}},"85":{"start":{"line":259,"column":4},"end":{"line":259,"column":21}},"86":{"start":{"line":260,"column":9},"end":{"line":272,"column":3}},"87":{"start":{"line":261,"column":4},"end":{"line":261,"column":14}},"88":{"start":{"line":262,"column":4},"end":{"line":262,"column":21}},"89":{"start":{"line":263,"column":9},"end":{"line":272,"column":3}},"90":{"start":{"line":264,"column":4},"end":{"line":264,"column":20}},"91":{"start":{"line":265,"column":4},"end":{"line":265,"column":17}},"92":{"start":{"line":266,"column":4},"end":{"line":266,"column":13}},"93":{"start":{"line":267,"column":4},"end":{"line":267,"column":18}},"94":{"start":{"line":268,"column":4},"end":{"line":268,"column":20}},"95":{"start":{"line":269,"column":9},"end":{"line":272,"column":3}},"96":{"start":{"line":270,"column":4},"end":{"line":270,"column":20}},"97":{"start":{"line":271,"column":4},"end":{"line":271,"column":21}},"98":{"start":{"line":276,"column":2},"end":{"line":278,"column":4}},"99":{"start":{"line":277,"column":4},"end":{"line":277,"column":11}},"100":{"start":{"line":281,"column":0},"end":{"line":281,"column":42}}},"fnMap":{"0":{"name":"alerts","decl":{"start":{"line":2,"column":9},"end":{"line":2,"column":15}},"loc":{"start":{"line":2,"column":18},"end":{"line":10,"column":1}},"line":2},"1":{"name":"(anonymous_1)","decl":{"start":{"line":3,"column":13},"end":{"line":3,"column":14}},"loc":{"start":{"line":3,"column":25},"end":{"line":9,"column":3}},"line":3},"2":{"name":"(anonymous_2)","decl":{"start":{"line":13,"column":14},"end":{"line":13,"column":15}},"loc":{"start":{"line":13,"column":26},"end":{"line":16,"column":1}},"line":13},"3":{"name":"sidebar","decl":{"start":{"line":18,"column":9},"end":{"line":18,"column":16}},"loc":{"start":{"line":18,"column":19},"end":{"line":34,"column":1}},"line":18},"4":{"name":"open","decl":{"start":{"line":23,"column":46},"end":{"line":23,"column":50}},"loc":{"start":{"line":23,"column":53},"end":{"line":33,"column":3}},"line":23},"5":{"name":"deleteModal","decl":{"start":{"line":38,"column":9},"end":{"line":38,"column":20}},"loc":{"start":{"line":38,"column":23},"end":{"line":66,"column":1}},"line":38},"6":{"name":"(anonymous_6)","decl":{"start":{"line":45,"column":26},"end":{"line":45,"column":27}},"loc":{"start":{"line":45,"column":38},"end":{"line":64,"column":5}},"line":45},"7":{"name":"(anonymous_7)","decl":{"start":{"line":46,"column":39},"end":{"line":46,"column":40}},"loc":{"start":{"line":46,"column":51},"end":{"line":63,"column":7}},"line":46},"8":{"name":"today","decl":{"start":{"line":68,"column":9},"end":{"line":68,"column":14}},"loc":{"start":{"line":68,"column":17},"end":{"line":85,"column":1}},"line":68},"9":{"name":"getToday","decl":{"start":{"line":77,"column":11},"end":{"line":77,"column":19}},"loc":{"start":{"line":77,"column":22},"end":{"line":84,"column":3}},"line":77},"10":{"name":"(anonymous_10)","decl":{"start":{"line":78,"column":18},"end":{"line":78,"column":19}},"loc":{"start":{"line":78,"column":28},"end":{"line":83,"column":5}},"line":78},"11":{"name":"calendarBookingModal","decl":{"start":{"line":87,"column":9},"end":{"line":87,"column":29}},"loc":{"start":{"line":87,"column":32},"end":{"line":116,"column":1}},"line":87},"12":{"name":"(anonymous_12)","decl":{"start":{"line":95,"column":16},"end":{"line":95,"column":17}},"loc":{"start":{"line":95,"column":26},"end":{"line":115,"column":3}},"line":95},"13":{"name":"(anonymous_13)","decl":{"start":{"line":96,"column":35},"end":{"line":96,"column":36}},"loc":{"start":{"line":96,"column":47},"end":{"line":114,"column":5}},"line":96},"14":{"name":"(anonymous_14)","decl":{"start":{"line":108,"column":52},"end":{"line":108,"column":53}},"loc":{"start":{"line":108,"column":64},"end":{"line":111,"column":11}},"line":108},"15":{"name":"calendar","decl":{"start":{"line":118,"column":9},"end":{"line":118,"column":17}},"loc":{"start":{"line":118,"column":20},"end":{"line":122,"column":1}},"line":118},"16":{"name":"initMap","decl":{"start":{"line":125,"column":9},"end":{"line":125,"column":16}},"loc":{"start":{"line":125,"column":19},"end":{"line":133,"column":1}},"line":125},"17":{"name":"googleMapApi","decl":{"start":{"line":135,"column":9},"end":{"line":135,"column":21}},"loc":{"start":{"line":135,"column":24},"end":{"line":216,"column":1}},"line":135},"18":{"name":"(anonymous_18)","decl":{"start":{"line":207,"column":30},"end":{"line":207,"column":31}},"loc":{"start":{"line":207,"column":53},"end":{"line":212,"column":3}},"line":207},"19":{"name":"flatpickrInit","decl":{"start":{"line":219,"column":9},"end":{"line":219,"column":22}},"loc":{"start":{"line":219,"column":25},"end":{"line":224,"column":1}},"line":219},"20":{"name":"passwordMatch","decl":{"start":{"line":228,"column":9},"end":{"line":228,"column":22}},"loc":{"start":{"line":228,"column":25},"end":{"line":244,"column":1}},"line":228},"21":{"name":"pMatch","decl":{"start":{"line":233,"column":47},"end":{"line":233,"column":53}},"loc":{"start":{"line":233,"column":56},"end":{"line":243,"column":3}},"line":233},"22":{"name":"setup","decl":{"start":{"line":254,"column":9},"end":{"line":254,"column":14}},"loc":{"start":{"line":254,"column":17},"end":{"line":273,"column":1}},"line":254},"23":{"name":"(anonymous_23)","decl":{"start":{"line":276,"column":34},"end":{"line":276,"column":35}},"loc":{"start":{"line":276,"column":40},"end":{"line":278,"column":3}},"line":276}},"branchMap":{"0":{"loc":{"start":{"line":6,"column":4},"end":{"line":8,"column":5}},"type":"if","locations":[{"start":{"line":6,"column":4},"end":{"line":8,"column":5}},{"start":{},"end":{}}],"line":6},"1":{"loc":{"start":{"line":26,"column":4},"end":{"line":32,"column":5}},"type":"if","locations":[{"start":{"line":26,"column":4},"end":{"line":32,"column":5}},{"start":{"line":29,"column":11},"end":{"line":32,"column":5}}],"line":26},"2":{"loc":{"start":{"line":44,"column":2},"end":{"line":65,"column":3}},"type":"if","locations":[{"start":{"line":44,"column":2},"end":{"line":65,"column":3}},{"start":{},"end":{}}],"line":44},"3":{"loc":{"start":{"line":50,"column":8},"end":{"line":62,"column":9}},"type":"if","locations":[{"start":{"line":50,"column":8},"end":{"line":62,"column":9}},{"start":{"line":56,"column":15},"end":{"line":62,"column":9}}],"line":50},"4":{"loc":{"start":{"line":80,"column":6},"end":{"line":82,"column":7}},"type":"if","locations":[{"start":{"line":80,"column":6},"end":{"line":82,"column":7}},{"start":{},"end":{}}],"line":80},"5":{"loc":{"start":{"line":100,"column":6},"end":{"line":113,"column":7}},"type":"if","locations":[{"start":{"line":100,"column":6},"end":{"line":113,"column":7}},{"start":{"line":103,"column":13},"end":{"line":113,"column":7}}],"line":100},"6":{"loc":{"start":{"line":234,"column":4},"end":{"line":242,"column":5}},"type":"if","locations":[{"start":{"line":234,"column":4},"end":{"line":242,"column":5}},{"start":{"line":238,"column":11},"end":{"line":242,"column":5}}],"line":234},"7":{"loc":{"start":{"line":257,"column":2},"end":{"line":272,"column":3}},"type":"if","locations":[{"start":{"line":257,"column":2},"end":{"line":272,"column":3}},{"start":{"line":260,"column":9},"end":{"line":272,"column":3}}],"line":257},"8":{"loc":{"start":{"line":260,"column":9},"end":{"line":272,"column":3}},"type":"if","locations":[{"start":{"line":260,"column":9},"end":{"line":272,"column":3}},{"start":{"line":263,"column":9},"end":{"line":272,"column":3}}],"line":260},"9":{"loc":{"start":{"line":263,"column":9},"end":{"line":272,"column":3}},"type":"if","locations":[{"start":{"line":263,"column":9},"end":{"line":272,"column":3}},{"start":{"line":269,"column":9},"end":{"line":272,"column":3}}],"line":263},"10":{"loc":{"start":{"line":263,"column":13},"end":{"line":263,"column":53}},"type":"binary-expr","locations":[{"start":{"line":263,"column":13},"end":{"line":263,"column":30}},{"start":{"line":263,"column":34},"end":{"line":263,"column":53}}],"line":263},"11":{"loc":{"start":{"line":269,"column":9},"end":{"line":272,"column":3}},"type":"if","locations":[{"start":{"line":269,"column":9},"end":{"line":272,"column":3}},{"start":{},"end":{}}],"line":269}},"s":{"0":0,"1":0,"2":0,"3":0,"4":0,"5":1,"6":0,"7":0,"8":3,"9":3,"10":3,"11":2,"12":2,"13":1,"14":1,"15":2,"16":2,"17":2,"18":2,"19":2,"20":2,"21":2,"22":2,"23":1,"24":1,"25":1,"26":1,"27":0,"28":0,"29":0,"30":0,"31":0,"32":0,"33":0,"34":0,"35":0,"36":0,"37":0,"38":0,"39":0,"40":0,"41":0,"42":0,"43":0,"44":0,"45":0,"46":0,"47":0,"48":0,"49":0,"50":0,"51":0,"52":0,"53":0,"54":0,"55":0,"56":0,"57":0,"58":0,"59":0,"60":0,"61":0,"62":0,"63":0,"64":0,"65":0,"66":0,"67":0,"68":0,"69":0,"70":0,"71":0,"72":0,"73":0,"74":0,"75":0,"76":1,"77":1,"78":1,"79":1,"80":1,"81":0,"82":0,"83":0,"84":0,"85":0,"86":0,"87":0,"88":0,"89":0,"90":0,"91":0,"92":0,"93":0,"94":0,"95":0,"96":0,"97":0,"98":1,"99":0,"100":1},"f":{"0":0,"1":0,"2":0,"3":3,"4":2,"5":2,"6":2,"7":2,"8":0,"9":0,"10":0,"11":0,"12":0,"13":0,"14":0,"15":0,"16":0,"17":0,"18":0,"19":0,"20":0,"21":0,"22":0,"23":0},"b":{"0":[0,0],"1":[1,1],"2":[2,0],"3":[1,1],"4":[0,0],"5":[0,0],"6":[0,0],"7":[0,0],"8":[0,0],"9":[0,0],"10":[0,0],"11":[0,0]},"_coverageSchema":"1a1c01bbd47fc00a2c39e90264f33305004495a9","hash":"676094930d819cc6f5dc694358fb24bdf8e56a7e"}
}
