{"/workspace/the-flying-scotsmen/static/script/script.js": {"path":"/workspace/the-flying-scotsmen/static/script/script.js","statementMap":{"0":{"start":{"line":3,"column":2},"end":{"line":9,"column":11}},"1":{"start":{"line":4,"column":19},"end":{"line":4,"column":49}},"2":{"start":{"line":5,"column":16},"end":{"line":5,"column":45}},"3":{"start":{"line":6,"column":4},"end":{"line":8,"column":5}},"4":{"start":{"line":7,"column":6},"end":{"line":7,"column":40}},"5":{"start":{"line":20,"column":16},"end":{"line":20,"column":50}},"6":{"start":{"line":21,"column":17},"end":{"line":21,"column":47}},"7":{"start":{"line":23,"column":2},"end":{"line":31,"column":5}},"8":{"start":{"line":25,"column":4},"end":{"line":25,"column":37}},"9":{"start":{"line":26,"column":4},"end":{"line":30,"column":5}},"10":{"start":{"line":27,"column":6},"end":{"line":27,"column":18}},"11":{"start":{"line":29,"column":6},"end":{"line":29,"column":19}},"12":{"start":{"line":38,"column":15},"end":{"line":38,"column":19}},"13":{"start":{"line":39,"column":24},"end":{"line":39,"column":71}},"14":{"start":{"line":40,"column":24},"end":{"line":40,"column":67}},"15":{"start":{"line":42,"column":2},"end":{"line":60,"column":3}},"16":{"start":{"line":43,"column":4},"end":{"line":59,"column":7}},"17":{"start":{"line":44,"column":6},"end":{"line":58,"column":9}},"18":{"start":{"line":45,"column":27},"end":{"line":45,"column":54}},"19":{"start":{"line":46,"column":21},"end":{"line":46,"column":52}},"20":{"start":{"line":47,"column":8},"end":{"line":57,"column":9}},"21":{"start":{"line":48,"column":10},"end":{"line":51,"column":12}},"22":{"start":{"line":53,"column":10},"end":{"line":56,"column":12}},"23":{"start":{"line":65,"column":16},"end":{"line":65,"column":20}},"24":{"start":{"line":66,"column":16},"end":{"line":66,"column":50}},"25":{"start":{"line":67,"column":10},"end":{"line":67,"column":20}},"26":{"start":{"line":68,"column":14},"end":{"line":68,"column":30}},"27":{"start":{"line":69,"column":25},"end":{"line":69,"column":36}},"28":{"start":{"line":70,"column":12},"end":{"line":70,"column":42}},"29":{"start":{"line":71,"column":2},"end":{"line":71,"column":13}},"30":{"start":{"line":74,"column":4},"end":{"line":79,"column":7}},"31":{"start":{"line":75,"column":18},"end":{"line":75,"column":43}},"32":{"start":{"line":76,"column":6},"end":{"line":78,"column":7}},"33":{"start":{"line":77,"column":8},"end":{"line":77,"column":41}},"34":{"start":{"line":85,"column":19},"end":{"line":85,"column":23}},"35":{"start":{"line":86,"column":16},"end":{"line":86,"column":50}},"36":{"start":{"line":88,"column":16},"end":{"line":88,"column":50}},"37":{"start":{"line":89,"column":21},"end":{"line":89,"column":64}},"38":{"start":{"line":90,"column":23},"end":{"line":90,"column":63}},"39":{"start":{"line":92,"column":2},"end":{"line":112,"column":5}},"40":{"start":{"line":93,"column":4},"end":{"line":111,"column":7}},"41":{"start":{"line":94,"column":18},"end":{"line":94,"column":43}},"42":{"start":{"line":95,"column":21},"end":{"line":95,"column":67}},"43":{"start":{"line":97,"column":6},"end":{"line":110,"column":7}},"44":{"start":{"line":98,"column":8},"end":{"line":98,"column":55}},"45":{"start":{"line":99,"column":8},"end":{"line":99,"column":53}},"46":{"start":{"line":101,"column":8},"end":{"line":101,"column":53}},"47":{"start":{"line":102,"column":8},"end":{"line":102,"column":55}},"48":{"start":{"line":103,"column":8},"end":{"line":109,"column":9}},"49":{"start":{"line":103,"column":21},"end":{"line":103,"column":22}},"50":{"start":{"line":104,"column":10},"end":{"line":104,"column":56}},"51":{"start":{"line":105,"column":10},"end":{"line":108,"column":13}},"52":{"start":{"line":106,"column":12},"end":{"line":106,"column":58}},"53":{"start":{"line":116,"column":17},"end":{"line":116,"column":22}},"54":{"start":{"line":117,"column":18},"end":{"line":117,"column":23}},"55":{"start":{"line":118,"column":21},"end":{"line":118,"column":26}},"56":{"start":{"line":119,"column":2},"end":{"line":119,"column":16}},"57":{"start":{"line":120,"column":2},"end":{"line":120,"column":10}},"58":{"start":{"line":121,"column":2},"end":{"line":121,"column":25}},"59":{"start":{"line":126,"column":2},"end":{"line":132,"column":5}},"60":{"start":{"line":136,"column":15},"end":{"line":136,"column":43}},"61":{"start":{"line":137,"column":18},"end":{"line":205,"column":3}},"62":{"start":{"line":207,"column":16},"end":{"line":212,"column":4}},"63":{"start":{"line":208,"column":4},"end":{"line":211,"column":7}},"64":{"start":{"line":213,"column":22},"end":{"line":215,"column":4}},"65":{"start":{"line":220,"column":18},"end":{"line":220,"column":52}},"66":{"start":{"line":221,"column":13},"end":{"line":223,"column":4}},"67":{"start":{"line":230,"column":18},"end":{"line":230,"column":57}},"68":{"start":{"line":231,"column":18},"end":{"line":231,"column":57}},"69":{"start":{"line":233,"column":2},"end":{"line":243,"column":5}},"70":{"start":{"line":234,"column":4},"end":{"line":242,"column":5}},"71":{"start":{"line":235,"column":6},"end":{"line":235,"column":41}},"72":{"start":{"line":236,"column":6},"end":{"line":236,"column":41}},"73":{"start":{"line":237,"column":6},"end":{"line":237,"column":18}},"74":{"start":{"line":239,"column":6},"end":{"line":239,"column":44}},"75":{"start":{"line":240,"column":6},"end":{"line":240,"column":44}},"76":{"start":{"line":241,"column":6},"end":{"line":241,"column":19}},"77":{"start":{"line":248,"column":15},"end":{"line":248,"column":57}},"78":{"start":{"line":249,"column":17},"end":{"line":249,"column":54}},"79":{"start":{"line":250,"column":14},"end":{"line":250,"column":47}},"80":{"start":{"line":251,"column":20},"end":{"line":251,"column":63}},"81":{"start":{"line":254,"column":2},"end":{"line":254,"column":11}},"82":{"start":{"line":255,"column":2},"end":{"line":255,"column":12}},"83":{"start":{"line":256,"column":2},"end":{"line":270,"column":3}},"84":{"start":{"line":257,"column":4},"end":{"line":257,"column":20}},"85":{"start":{"line":258,"column":4},"end":{"line":258,"column":22}},"86":{"start":{"line":259,"column":9},"end":{"line":270,"column":3}},"87":{"start":{"line":260,"column":4},"end":{"line":260,"column":15}},"88":{"start":{"line":261,"column":4},"end":{"line":261,"column":22}},"89":{"start":{"line":262,"column":9},"end":{"line":270,"column":3}},"90":{"start":{"line":263,"column":4},"end":{"line":263,"column":20}},"91":{"start":{"line":264,"column":4},"end":{"line":264,"column":18}},"92":{"start":{"line":265,"column":4},"end":{"line":265,"column":19}},"93":{"start":{"line":266,"column":4},"end":{"line":266,"column":21}},"94":{"start":{"line":267,"column":9},"end":{"line":270,"column":3}},"95":{"start":{"line":268,"column":4},"end":{"line":268,"column":20}},"96":{"start":{"line":269,"column":4},"end":{"line":269,"column":22}},"97":{"start":{"line":273,"column":0},"end":{"line":275,"column":5}},"98":{"start":{"line":274,"column":4},"end":{"line":274,"column":12}},"99":{"start":{"line":277,"column":0},"end":{"line":277,"column":74}}},"fnMap":{"0":{"name":"alerts","decl":{"start":{"line":2,"column":9},"end":{"line":2,"column":15}},"loc":{"start":{"line":2,"column":18},"end":{"line":10,"column":1}},"line":2},"1":{"name":"(anonymous_1)","decl":{"start":{"line":3,"column":13},"end":{"line":3,"column":14}},"loc":{"start":{"line":3,"column":25},"end":{"line":9,"column":3}},"line":3},"2":{"name":"sidebar","decl":{"start":{"line":19,"column":9},"end":{"line":19,"column":16}},"loc":{"start":{"line":19,"column":19},"end":{"line":32,"column":1}},"line":19},"3":{"name":"open","decl":{"start":{"line":23,"column":46},"end":{"line":23,"column":50}},"loc":{"start":{"line":23,"column":53},"end":{"line":31,"column":3}},"line":23},"4":{"name":"deleteModal","decl":{"start":{"line":36,"column":9},"end":{"line":36,"column":20}},"loc":{"start":{"line":36,"column":23},"end":{"line":61,"column":1}},"line":36},"5":{"name":"(anonymous_5)","decl":{"start":{"line":43,"column":26},"end":{"line":43,"column":27}},"loc":{"start":{"line":43,"column":38},"end":{"line":59,"column":5}},"line":43},"6":{"name":"(anonymous_6)","decl":{"start":{"line":44,"column":39},"end":{"line":44,"column":40}},"loc":{"start":{"line":44,"column":51},"end":{"line":58,"column":7}},"line":44},"7":{"name":"today","decl":{"start":{"line":63,"column":9},"end":{"line":63,"column":14}},"loc":{"start":{"line":63,"column":17},"end":{"line":81,"column":1}},"line":63},"8":{"name":"getToday","decl":{"start":{"line":73,"column":11},"end":{"line":73,"column":19}},"loc":{"start":{"line":73,"column":22},"end":{"line":80,"column":3}},"line":73},"9":{"name":"(anonymous_9)","decl":{"start":{"line":74,"column":18},"end":{"line":74,"column":19}},"loc":{"start":{"line":74,"column":28},"end":{"line":79,"column":5}},"line":74},"10":{"name":"calendarBookingModal","decl":{"start":{"line":83,"column":9},"end":{"line":83,"column":29}},"loc":{"start":{"line":83,"column":32},"end":{"line":113,"column":1}},"line":83},"11":{"name":"(anonymous_11)","decl":{"start":{"line":92,"column":16},"end":{"line":92,"column":17}},"loc":{"start":{"line":92,"column":26},"end":{"line":112,"column":3}},"line":92},"12":{"name":"(anonymous_12)","decl":{"start":{"line":93,"column":35},"end":{"line":93,"column":36}},"loc":{"start":{"line":93,"column":47},"end":{"line":111,"column":5}},"line":93},"13":{"name":"(anonymous_13)","decl":{"start":{"line":105,"column":52},"end":{"line":105,"column":53}},"loc":{"start":{"line":105,"column":64},"end":{"line":108,"column":11}},"line":105},"14":{"name":"calendar","decl":{"start":{"line":115,"column":9},"end":{"line":115,"column":17}},"loc":{"start":{"line":115,"column":20},"end":{"line":122,"column":1}},"line":115},"15":{"name":"initMap","decl":{"start":{"line":125,"column":9},"end":{"line":125,"column":16}},"loc":{"start":{"line":125,"column":19},"end":{"line":133,"column":1}},"line":125},"16":{"name":"googleMapApi","decl":{"start":{"line":135,"column":9},"end":{"line":135,"column":21}},"loc":{"start":{"line":135,"column":24},"end":{"line":216,"column":1}},"line":135},"17":{"name":"(anonymous_17)","decl":{"start":{"line":207,"column":30},"end":{"line":207,"column":31}},"loc":{"start":{"line":207,"column":53},"end":{"line":212,"column":3}},"line":207},"18":{"name":"flatpickrInit","decl":{"start":{"line":219,"column":9},"end":{"line":219,"column":22}},"loc":{"start":{"line":219,"column":25},"end":{"line":224,"column":1}},"line":219},"19":{"name":"passwordMatch","decl":{"start":{"line":228,"column":9},"end":{"line":228,"column":22}},"loc":{"start":{"line":228,"column":25},"end":{"line":244,"column":1}},"line":228},"20":{"name":"pMatch","decl":{"start":{"line":233,"column":47},"end":{"line":233,"column":53}},"loc":{"start":{"line":233,"column":56},"end":{"line":243,"column":3}},"line":233},"21":{"name":"setup","decl":{"start":{"line":253,"column":9},"end":{"line":253,"column":14}},"loc":{"start":{"line":253,"column":17},"end":{"line":271,"column":1}},"line":253},"22":{"name":"(anonymous_22)","decl":{"start":{"line":273,"column":32},"end":{"line":273,"column":33}},"loc":{"start":{"line":273,"column":38},"end":{"line":275,"column":3}},"line":273}},"branchMap":{"0":{"loc":{"start":{"line":6,"column":4},"end":{"line":8,"column":5}},"type":"if","locations":[{"start":{"line":6,"column":4},"end":{"line":8,"column":5}},{"start":{},"end":{}}],"line":6},"1":{"loc":{"start":{"line":26,"column":4},"end":{"line":30,"column":5}},"type":"if","locations":[{"start":{"line":26,"column":4},"end":{"line":30,"column":5}},{"start":{"line":28,"column":11},"end":{"line":30,"column":5}}],"line":26},"2":{"loc":{"start":{"line":42,"column":2},"end":{"line":60,"column":3}},"type":"if","locations":[{"start":{"line":42,"column":2},"end":{"line":60,"column":3}},{"start":{},"end":{}}],"line":42},"3":{"loc":{"start":{"line":47,"column":8},"end":{"line":57,"column":9}},"type":"if","locations":[{"start":{"line":47,"column":8},"end":{"line":57,"column":9}},{"start":{"line":52,"column":15},"end":{"line":57,"column":9}}],"line":47},"4":{"loc":{"start":{"line":76,"column":6},"end":{"line":78,"column":7}},"type":"if","locations":[{"start":{"line":76,"column":6},"end":{"line":78,"column":7}},{"start":{},"end":{}}],"line":76},"5":{"loc":{"start":{"line":97,"column":6},"end":{"line":110,"column":7}},"type":"if","locations":[{"start":{"line":97,"column":6},"end":{"line":110,"column":7}},{"start":{"line":100,"column":13},"end":{"line":110,"column":7}}],"line":97},"6":{"loc":{"start":{"line":234,"column":4},"end":{"line":242,"column":5}},"type":"if","locations":[{"start":{"line":234,"column":4},"end":{"line":242,"column":5}},{"start":{"line":238,"column":11},"end":{"line":242,"column":5}}],"line":234},"7":{"loc":{"start":{"line":256,"column":2},"end":{"line":270,"column":3}},"type":"if","locations":[{"start":{"line":256,"column":2},"end":{"line":270,"column":3}},{"start":{"line":259,"column":9},"end":{"line":270,"column":3}}],"line":256},"8":{"loc":{"start":{"line":259,"column":9},"end":{"line":270,"column":3}},"type":"if","locations":[{"start":{"line":259,"column":9},"end":{"line":270,"column":3}},{"start":{"line":262,"column":9},"end":{"line":270,"column":3}}],"line":259},"9":{"loc":{"start":{"line":262,"column":9},"end":{"line":270,"column":3}},"type":"if","locations":[{"start":{"line":262,"column":9},"end":{"line":270,"column":3}},{"start":{"line":267,"column":9},"end":{"line":270,"column":3}}],"line":262},"10":{"loc":{"start":{"line":262,"column":13},"end":{"line":262,"column":53}},"type":"binary-expr","locations":[{"start":{"line":262,"column":13},"end":{"line":262,"column":30}},{"start":{"line":262,"column":34},"end":{"line":262,"column":53}}],"line":262},"11":{"loc":{"start":{"line":267,"column":9},"end":{"line":270,"column":3}},"type":"if","locations":[{"start":{"line":267,"column":9},"end":{"line":270,"column":3}},{"start":{},"end":{}}],"line":267}},"s":{"0":0,"1":0,"2":0,"3":0,"4":0,"5":3,"6":3,"7":3,"8":2,"9":2,"10":1,"11":1,"12":2,"13":2,"14":2,"15":2,"16":2,"17":2,"18":2,"19":2,"20":2,"21":1,"22":1,"23":1,"24":1,"25":1,"26":1,"27":1,"28":1,"29":1,"30":1,"31":16,"32":16,"33":0,"34":0,"35":0,"36":0,"37":0,"38":0,"39":0,"40":0,"41":0,"42":0,"43":0,"44":0,"45":0,"46":0,"47":0,"48":0,"49":0,"50":0,"51":0,"52":0,"53":0,"54":0,"55":0,"56":0,"57":0,"58":0,"59":0,"60":0,"61":0,"62":0,"63":0,"64":0,"65":0,"66":0,"67":1,"68":1,"69":1,"70":0,"71":0,"72":0,"73":0,"74":0,"75":0,"76":0,"77":1,"78":1,"79":1,"80":1,"81":0,"82":0,"83":0,"84":0,"85":0,"86":0,"87":0,"88":0,"89":0,"90":0,"91":0,"92":0,"93":0,"94":0,"95":0,"96":0,"97":1,"98":0,"99":1},"f":{"0":0,"1":0,"2":3,"3":2,"4":2,"5":2,"6":2,"7":1,"8":1,"9":16,"10":0,"11":0,"12":0,"13":0,"14":0,"15":0,"16":0,"17":0,"18":0,"19":1,"20":0,"21":0,"22":0},"b":{"0":[0,0],"1":[1,1],"2":[2,0],"3":[1,1],"4":[0,16],"5":[0,0],"6":[0,0],"7":[0,0],"8":[0,0],"9":[0,0],"10":[0,0],"11":[0,0]},"_coverageSchema":"1a1c01bbd47fc00a2c39e90264f33305004495a9","hash":"5b182f0f118fc769f66927606a21d952aff1d2e9"}
}
