TN:
SF:static/script/script.js
FN:2,alerts
FN:3,(anonymous_1)
FN:13,sidebar
FN:17,open
FN:29,deleteModal
FN:35,(anonymous_5)
FN:36,(anonymous_6)
FN:55,today
FN:64,getToday
FN:65,(anonymous_9)
FN:74,calendarBookingModal
FN:81,(anonymous_11)
FN:82,(anonymous_12)
FN:94,(anonymous_13)
FN:104,calendar
FN:111,initMap
FN:121,googleMapApi
FN:193,(anonymous_17)
FN:205,flatpickrInit
FN:213,passwordMatch
FN:218,pMatch
FN:237,setup
FN:257,(anonymous_22)
FNF:23
FNH:9
FNDA:0,alerts
FNDA:0,(anonymous_1)
FNDA:3,sidebar
FNDA:2,open
FNDA:2,deleteModal
FNDA:2,(anonymous_5)
FNDA:2,(anonymous_6)
FNDA:1,today
FNDA:1,getToday
FNDA:16,(anonymous_9)
FNDA:0,calendarBookingModal
FNDA:0,(anonymous_11)
FNDA:0,(anonymous_12)
FNDA:0,(anonymous_13)
FNDA:0,calendar
FNDA:0,initMap
FNDA:0,googleMapApi
FNDA:0,(anonymous_17)
FNDA:0,flatpickrInit
FNDA:1,passwordMatch
FNDA:0,pMatch
FNDA:0,setup
FNDA:0,(anonymous_22)
DA:3,0
DA:4,0
DA:5,0
DA:6,0
DA:7,0
DA:14,3
DA:15,3
DA:17,3
DA:19,2
DA:20,2
DA:21,1
DA:23,1
DA:31,2
DA:32,2
DA:34,2
DA:35,2
DA:36,2
DA:37,2
DA:38,2
DA:39,2
DA:40,1
DA:45,1
DA:57,1
DA:58,1
DA:59,1
DA:60,1
DA:61,1
DA:62,1
DA:65,1
DA:66,16
DA:67,16
DA:68,0
DA:76,0
DA:77,0
DA:78,0
DA:79,0
DA:81,0
DA:82,0
DA:83,0
DA:84,0
DA:86,0
DA:87,0
DA:88,0
DA:90,0
DA:91,0
DA:92,0
DA:93,0
DA:94,0
DA:95,0
DA:105,0
DA:106,0
DA:107,0
DA:112,0
DA:122,0
DA:123,0
DA:193,0
DA:194,0
DA:199,0
DA:206,0
DA:207,0
DA:215,1
DA:216,1
DA:218,1
DA:219,0
DA:220,0
DA:221,0
DA:222,0
DA:224,0
DA:225,0
DA:226,0
DA:232,1
DA:233,1
DA:234,1
DA:235,1
DA:238,0
DA:239,0
DA:240,0
DA:241,0
DA:242,0
DA:243,0
DA:244,0
DA:245,0
DA:246,0
DA:247,0
DA:248,0
DA:249,0
DA:250,0
DA:251,0
DA:252,0
DA:253,0
DA:257,1
DA:258,0
LF:92
LH:34
BRDA:6,0,0,0
BRDA:6,0,1,0
BRDA:20,1,0,1
BRDA:20,1,1,1
BRDA:34,2,0,2
BRDA:34,2,1,0
BRDA:39,3,0,1
BRDA:39,3,1,1
BRDA:67,4,0,0
BRDA:67,4,1,16
BRDA:86,5,0,0
BRDA:86,5,1,0
BRDA:219,6,0,0
BRDA:219,6,1,0
BRDA:240,7,0,0
BRDA:240,7,1,0
BRDA:243,8,0,0
BRDA:243,8,1,0
BRDA:246,9,0,0
BRDA:246,9,1,0
BRDA:246,10,0,0
BRDA:246,10,1,0
BRDA:251,11,0,0
BRDA:251,11,1,0
BRF:24
BRH:6
end_of_record
